<?xml version="1.0" encoding="UTF-8"?>
<!-- Generated by org.testng.reporters.JUnitReportReporter -->
<testsuite skipped="0" hostname="DESKTOP-NA0ALFN" name="first.FirstTest" tests="3" failures="0" timestamp="09 Jul 2018 10:40:24 GMT" time="0.011" errors="0">
  <testcase name="fruits" time="0.004" classname="first.FirstTest"/>
  <testcase name="iceCream" time="0.001" classname="first.FirstTest"/>
  <testcase name="flavour" time="0.006" classname="first.FirstTest"/>
</testsuite> <!-- first.FirstTest -->
